<?xml version="1.0" encoding="UTF-8"?>
<testng-results skipped="0" failed="0" total="1" passed="1">
  <reporter-output>
  </reporter-output>
  <suite name="Default suite" duration-ms="148357" started-at="2018-08-23T19:12:39Z" finished-at="2018-08-23T19:15:07Z">
    <groups>
    </groups>
    <test name="Default test" duration-ms="148357" started-at="2018-08-23T19:12:39Z" finished-at="2018-08-23T19:15:07Z">
      <class name="com.depuracion.ejecucion.Ejecucion">
        <test-method status="PASS" signature="beforeMethod()[pri:0, instance:com.depuracion.ejecucion.Ejecucion@61832929]" name="beforeMethod" is-config="true" duration-ms="5" started-at="2018-08-23T15:12:39Z" finished-at="2018-08-23T15:12:39Z">
          <reporter-output>
          </reporter-output>
        </test-method> <!-- beforeMethod -->
        <test-method status="PASS" signature="ejecucion()[pri:0, instance:com.depuracion.ejecucion.Ejecucion@61832929]" name="ejecucion" duration-ms="148340" started-at="2018-08-23T15:12:39Z" finished-at="2018-08-23T15:15:07Z">
          <reporter-output>
          </reporter-output>
        </test-method> <!-- ejecucion -->
      </class> <!-- com.depuracion.ejecucion.Ejecucion -->
    </test> <!-- Default test -->
  </suite> <!-- Default suite -->
</testng-results>
